[2026-01-30 22:59:16,313] multiqc                                            [DEBUG  ]  This is MultiQC v1.19
[2026-01-30 22:59:16,314] multiqc                                            [DEBUG  ]  Command used: /usr/local/bin/multiqc /data/users/mvaldivia/rna_seq_course/analysis_rnaseq/01_fastqc -o /data/users/mvaldivia/rna_seq_course/analysis_rnaseq/01_fastqc/multiqc --force
[2026-01-30 22:59:16,778] multiqc                                            [WARNING]  MultiQC Version v1.33 now available!
[2026-01-30 22:59:16,779] multiqc                                            [DEBUG  ]  Working dir : /data/users/mvaldivia/rna_seq_course/scripts
[2026-01-30 22:59:16,779] multiqc                                            [DEBUG  ]  Template    : default
[2026-01-30 22:59:16,779] multiqc                                            [DEBUG  ]  Running Python 3.11.7 | packaged by conda-forge | (main, Dec 15 2023, 08:38:37) [GCC 12.3.0]
[2026-01-30 22:59:16,779] multiqc                                            [DEBUG  ]  Analysing modules: custom_content, ccs, ngsderive, purple, conpair, lima, peddy, somalier, methylQA, mosdepth, phantompeakqualtools, qualimap, preseq, hifiasm, quast, qorts, rna_seqc, rockhopper, rsem, rseqc, busco, bustools, goleft_indexcov, gffcompare, disambiguate, supernova, deeptools, sargasso, verifybamid, mirtrace, happy, mirtop, sambamba, gopeaks, homer, hops, macs2, theta2, snpeff, gatk, htseq, bcftools, featureCounts, fgbio, dragen, dragen_fastqc, dedup, pbmarkdup, damageprofiler, mapdamage, biobambam2, jcvi, mtnucratio, picard, vep, bakta, prokka, qc3C, nanostat, samblaster, samtools, sexdeterrmine, seqera_cli, eigenstratdatabasetools, bamtools, jellyfish, vcftools, longranger, stacks, varscan2, snippy, umitools, truvari, bbmap, bismark, biscuit, diamond, hicexplorer, hicup, hicpro, salmon, kallisto, slamdunk, star, hisat2, tophat, bowtie2, bowtie1, cellranger, snpsplit, odgi, pangolin, nextclade, freyja, humid, kat, leehom, librarian, adapterRemoval, bbduk, clipandmerge, cutadapt, flexbar, sourmash, kaiju, bracken, kraken, malt, motus, trimmomatic, sickle, skewer, sortmerna, biobloomtools, fastq_screen, afterqc, fastp, fastqc, filtlong, prinseqplusplus, pychopper, porechop, pycoqc, minionqc, anglerfish, multivcfanalyzer, clusterflow, checkqc, bcl2fastq, bclconvert, interop, ivar, flash, seqyclean, optitype, whatshap, xenome, xengsort
[2026-01-30 22:59:16,779] multiqc                                            [DEBUG  ]  Using temporary directory for creating report: /scratch/16286154/tmp4sphj2p7
[2026-01-30 22:59:16,781] multiqc                                            [INFO   ]  Search path : /data/users/mvaldivia/rna_seq_course/analysis_rnaseq/01_fastqc
[2026-01-30 22:59:18,561] multiqc                                            [DEBUG  ]  Summary of files that were skipped by the search: [skipped_module_specific_max_filesize: 420] // [skipped_no_match: 64]
[2026-01-30 22:59:19,874] multiqc.plots.bargraph                             [DEBUG  ]  Using matplotlib version 3.8.2
[2026-01-30 22:59:19,881] multiqc.plots.linegraph                            [DEBUG  ]  Using matplotlib version 3.8.2
[2026-01-30 22:59:19,882] multiqc                                            [DEBUG  ]  No samples found: custom_content
[2026-01-30 22:59:20,985] multiqc.modules.fastqc.fastqc                      [INFO   ]  Found 30 reports
[2026-01-30 22:59:21,043] multiqc.utils.software_versions                    [DEBUG  ]  Reading software versions from config.software_versions
[2026-01-30 22:59:21,071] multiqc                                            [DEBUG  ]  Compressing plot data
[2026-01-30 22:59:21,390] multiqc                                            [INFO   ]  Report      : ../analysis_rnaseq/01_fastqc/multiqc/multiqc_report.html
[2026-01-30 22:59:21,390] multiqc                                            [INFO   ]  Data        : ../analysis_rnaseq/01_fastqc/multiqc/multiqc_data
[2026-01-30 22:59:21,391] multiqc                                            [DEBUG  ]  Moving data file from '/scratch/16286154/tmp4sphj2p7/multiqc_data' to '/data/users/mvaldivia/rna_seq_course/analysis_rnaseq/01_fastqc/multiqc/multiqc_data'
[2026-01-30 22:59:21,396] multiqc                                            [DEBUG  ]  Full report path: /data/users/mvaldivia/rna_seq_course/analysis_rnaseq/01_fastqc/multiqc/multiqc_report.html
[2026-01-30 22:59:21,486] multiqc                                            [INFO   ]  MultiQC complete
